This is pdfTeX, Version 3.141592653-2.6-1.40.22 (MiKTeX 21.3) (preloaded format=pdflatex 2021.4.19)  25 APR 2021 04:41
entering extended mode
**c:/Users/DaVinciTachyon/Documents/FinalYearProject/dissertation/main.tex
(c:/Users/DaVinciTachyon/Documents/FinalYearProject/dissertation/main.tex
LaTeX2e <2020-10-01> patch level 4
L3 programming layer <2021-02-18> (C:\Users\DaVinciTachyon\AppData\Local\Programs\MiKTeX\tex/latex/base\book.cls
Document Class: book 2020/04/10 v1.4m Standard LaTeX document class
(C:\Users\DaVinciTachyon\AppData\Local\Programs\MiKTeX\tex/latex/base\bk12.clo
File: bk12.clo 2020/04/10 v1.4m Standard LaTeX file (size option)
)
\c@part=\count179
\c@chapter=\count180
\c@section=\count181
\c@subsection=\count182
\c@subsubsection=\count183
\c@paragraph=\count184
\c@subparagraph=\count185
\c@figure=\count186
\c@table=\count187
\abovecaptionskip=\skip47
\belowcaptionskip=\skip48
\bibindent=\dimen138
) (C:\Users\DaVinciTachyon\AppData\Local\Programs\MiKTeX\tex/latex/base\fontenc.sty
Package: fontenc 2020/08/10 v2.0s Standard LaTeX package
) (C:\Users\DaVinciTachyon\AppData\Local\Programs\MiKTeX\tex/latex/base\inputenc.sty
Package: inputenc 2020/08/01 v1.3d Input encoding file
\inpenc@prehook=\toks15
\inpenc@posthook=\toks16
) (C:\Users\DaVinciTachyon\AppData\Local\Programs\MiKTeX\tex/generic/babel\babel.sty
Package: babel 2021/04/07 3.57 The Babel package
 (C:\Users\DaVinciTachyon\AppData\Local\Programs\MiKTeX\tex/generic/babel\babel.def
File: babel.def 2021/04/07 3.57 Babel common definitions
\babel@savecnt=\count188
\U@D=\dimen139
\l@babelnohyphens=\language79
 (C:\Users\DaVinciTachyon\AppData\Local\Programs\MiKTeX\tex/generic/babel\txtbabel.def)
\bbl@readstream=\read2
)
\bbl@dirlevel=\count189

*************************************
* Local config file bblopts.cfg used
*
(C:\Users\DaVinciTachyon\AppData\Local\Programs\MiKTeX\tex/latex/arabi\bblopts.cfg
File: bblopts.cfg 2005/09/08 v0.1 add Arabic and Farsi to "declared" options of babel
) (C:\Users\DaVinciTachyon\AppData\Local\Programs\MiKTeX\tex/latex/babel-english\english.ldf
Language: english 2017/06/06 v3.3r English support from the babel system
Package babel Info: \l@canadian = using hyphenrules for english
(babel)             (\language0) on input line 102.
Package babel Info: \l@australian = using hyphenrules for ukenglish
(babel)             (\language73) on input line 105.
Package babel Info: \l@newzealand = using hyphenrules for ukenglish
(babel)             (\language73) on input line 108.
)) (C:\Users\DaVinciTachyon\AppData\Local\Programs\MiKTeX\tex/latex/natbib\natbib.sty
Package: natbib 2010/09/13 8.31b (PWD, AO)
\bibhang=\skip49
\bibsep=\skip50
LaTeX Info: Redefining \cite on input line 694.
\c@NAT@ctr=\count190
) (C:\Users\DaVinciTachyon\AppData\Local\Programs\MiKTeX\tex/latex/geometry\geometry.sty
Package: geometry 2020/01/02 v5.9 Page Geometry
 (C:\Users\DaVinciTachyon\AppData\Local\Programs\MiKTeX\tex/latex/graphics\keyval.sty
Package: keyval 2014/10/28 v1.15 key=value parser (DPC)
\KV@toks@=\toks17
) (C:\Users\DaVinciTachyon\AppData\Local\Programs\MiKTeX\tex/generic/iftex\ifvtex.sty
Package: ifvtex 2019/10/25 v1.7 ifvtex legacy package. Use iftex instead.
 (C:\Users\DaVinciTachyon\AppData\Local\Programs\MiKTeX\tex/generic/iftex\iftex.sty
Package: iftex 2020/03/06 v1.0d TeX engine tests
))
\Gm@cnth=\count191
\Gm@cntv=\count192
\c@Gm@tempcnt=\count193
\Gm@bindingoffset=\dimen140
\Gm@wd@mp=\dimen141
\Gm@odd@mp=\dimen142
\Gm@even@mp=\dimen143
\Gm@layoutwidth=\dimen144
\Gm@layoutheight=\dimen145
\Gm@layouthoffset=\dimen146
\Gm@layoutvoffset=\dimen147
\Gm@dimlist=\toks18
 (C:\Users\DaVinciTachyon\AppData\Local\Programs\MiKTeX\tex/latex/geometry\geometry.cfg)) (C:\Users\DaVinciTachyon\AppData\Local\Programs\MiKTeX\tex/latex/amsmath\amsmath.sty
Package: amsmath 2020/09/23 v2.17i AMS math features
\@mathmargin=\skip51

For additional information on amsmath, use the `?' option.
(C:\Users\DaVinciTachyon\AppData\Local\Programs\MiKTeX\tex/latex/amsmath\amstext.sty
Package: amstext 2000/06/29 v2.01 AMS text
 (C:\Users\DaVinciTachyon\AppData\Local\Programs\MiKTeX\tex/latex/amsmath\amsgen.sty
File: amsgen.sty 1999/11/30 v2.0 generic functions
\@emptytoks=\toks19
\ex@=\dimen148
)) (C:\Users\DaVinciTachyon\AppData\Local\Programs\MiKTeX\tex/latex/amsmath\amsbsy.sty
Package: amsbsy 1999/11/29 v1.2d Bold Symbols
\pmbraise@=\dimen149
) (C:\Users\DaVinciTachyon\AppData\Local\Programs\MiKTeX\tex/latex/amsmath\amsopn.sty
Package: amsopn 2016/03/08 v2.02 operator names
)
\inf@bad=\count194
LaTeX Info: Redefining \frac on input line 234.
\uproot@=\count195
\leftroot@=\count196
LaTeX Info: Redefining \overline on input line 399.
\classnum@=\count197
\DOTSCASE@=\count198
LaTeX Info: Redefining \ldots on input line 496.
LaTeX Info: Redefining \dots on input line 499.
LaTeX Info: Redefining \cdots on input line 620.
\Mathstrutbox@=\box47
\strutbox@=\box48
\big@size=\dimen150
LaTeX Font Info:    Redeclaring font encoding OML on input line 743.
LaTeX Font Info:    Redeclaring font encoding OMS on input line 744.
\macc@depth=\count199
\c@MaxMatrixCols=\count266
\dotsspace@=\muskip16
\c@parentequation=\count267
\dspbrk@lvl=\count268
\tag@help=\toks20
\row@=\count269
\column@=\count270
\maxfields@=\count271
\andhelp@=\toks21
\eqnshift@=\dimen151
\alignsep@=\dimen152
\tagshift@=\dimen153
\tagwidth@=\dimen154
\totwidth@=\dimen155
\lineht@=\dimen156
\@envbody=\toks22
\multlinegap=\skip52
\multlinetaggap=\skip53
\mathdisplay@stack=\toks23
LaTeX Info: Redefining \[ on input line 2923.
LaTeX Info: Redefining \] on input line 2924.
) (C:\Users\DaVinciTachyon\AppData\Local\Programs\MiKTeX\tex/latex/csquotes\csquotes.sty
Package: csquotes 2021-02-22 v5.2l context-sensitive quotations (JAW)
 (C:\Users\DaVinciTachyon\AppData\Local\Programs\MiKTeX\tex/latex/etoolbox\etoolbox.sty
Package: etoolbox 2020/10/05 v2.5k e-TeX tools for LaTeX (JAW)
\etb@tempcnta=\count272
)
\csq@reset=\count273
\csq@gtype=\count274
\csq@glevel=\count275
\csq@qlevel=\count276
\csq@maxlvl=\count277
\csq@tshold=\count278
\csq@ltx@everypar=\toks24
 (C:\Users\DaVinciTachyon\AppData\Local\Programs\MiKTeX\tex/latex/csquotes\csquotes.def
File: csquotes.def 2021-02-22 v5.2l csquotes generic definitions (JAW)
)
Package csquotes Info: Trying to load configuration file 'csquotes.cfg'...
Package csquotes Info: ... configuration file loaded successfully.
 (C:\Users\DaVinciTachyon\AppData\Local\Programs\MiKTeX\tex/latex/csquotes\csquotes.cfg
File: csquotes.cfg 
)
Package csquotes Info: Enabling multilingual quotes.
) (C:\Users\DaVinciTachyon\AppData\Local\Programs\MiKTeX\tex/latex/graphics\graphicx.sty
Package: graphicx 2020/09/09 v1.2b Enhanced LaTeX Graphics (DPC,SPQR)
 (C:\Users\DaVinciTachyon\AppData\Local\Programs\MiKTeX\tex/latex/graphics\graphics.sty
Package: graphics 2020/08/30 v1.4c Standard LaTeX Graphics (DPC,SPQR)
 (C:\Users\DaVinciTachyon\AppData\Local\Programs\MiKTeX\tex/latex/graphics\trig.sty
Package: trig 2016/01/03 v1.10 sin cos tan (DPC)
) (C:\Users\DaVinciTachyon\AppData\Local\Programs\MiKTeX\tex/latex/graphics-cfg\graphics.cfg
File: graphics.cfg 2016/06/04 v1.11 sample graphics configuration
)
Package graphics Info: Driver file: pdftex.def on input line 105.
 (C:\Users\DaVinciTachyon\AppData\Local\Programs\MiKTeX\tex/latex/graphics-def\pdftex.def
File: pdftex.def 2020/10/05 v1.2a Graphics/color driver for pdftex
))
\Gin@req@height=\dimen157
\Gin@req@width=\dimen158
) (C:\Users\DaVinciTachyon\AppData\Local\Programs\MiKTeX\tex/latex/todonotes\todonotes.sty
Package: todonotes 2020/08/18 v1.1.3 Todonotes source and documentation.
Package: todonotes 2018/11/22
 (C:\Users\DaVinciTachyon\AppData\Local\Programs\MiKTeX\tex/latex/base\ifthen.sty
Package: ifthen 2014/09/29 v1.1c Standard LaTeX ifthen package (DPC)
) (C:\Users\DaVinciTachyon\AppData\Local\Programs\MiKTeX\tex/latex/xkeyval\xkeyval.sty
Package: xkeyval 2020/11/20 v2.8 package option processing (HA)
 (C:\Users\DaVinciTachyon\AppData\Local\Programs\MiKTeX\tex/generic/xkeyval\xkeyval.tex (C:\Users\DaVinciTachyon\AppData\Local\Programs\MiKTeX\tex/generic/xkeyval\xkvutils.tex
\XKV@toks=\toks25
\XKV@tempa@toks=\toks26
)
\XKV@depth=\count279
File: xkeyval.tex 2014/12/03 v2.7a key=value parser (HA)
)) (C:\Users\DaVinciTachyon\AppData\Local\Programs\MiKTeX\tex/latex/xcolor\xcolor.sty
Package: xcolor 2016/05/11 v2.12 LaTeX color extensions (UK)
 (C:\Users\DaVinciTachyon\AppData\Local\Programs\MiKTeX\tex/latex/graphics-cfg\color.cfg
File: color.cfg 2016/01/02 v1.6 sample color configuration
)
Package xcolor Info: Driver file: pdftex.def on input line 225.
Package xcolor Info: Model `cmy' substituted by `cmy0' on input line 1348.
Package xcolor Info: Model `hsb' substituted by `rgb' on input line 1352.
Package xcolor Info: Model `RGB' extended on input line 1364.
Package xcolor Info: Model `HTML' substituted by `rgb' on input line 1366.
Package xcolor Info: Model `Hsb' substituted by `hsb' on input line 1367.
Package xcolor Info: Model `tHsb' substituted by `hsb' on input line 1368.
Package xcolor Info: Model `HSB' substituted by `hsb' on input line 1369.
Package xcolor Info: Model `Gray' substituted by `gray' on input line 1370.
Package xcolor Info: Model `wave' substituted by `hsb' on input line 1371.
) (C:\Users\DaVinciTachyon\AppData\Local\Programs\MiKTeX\tex/latex/pgf/frontendlayer\tikz.sty (C:\Users\DaVinciTachyon\AppData\Local\Programs\MiKTeX\tex/latex/pgf/basiclayer\pgf.sty (C:\Users\DaVinciTachyon\AppData\Local\Programs\MiKTeX\tex/latex/pgf/utilities\pgfrcs.sty (C:\Users\DaVinciTachyon\AppData\Local\Programs\MiKTeX\tex/generic/pgf/utilities\pgfutil-common.tex
\pgfutil@everybye=\toks27
\pgfutil@tempdima=\dimen159
\pgfutil@tempdimb=\dimen160
 (C:\Users\DaVinciTachyon\AppData\Local\Programs\MiKTeX\tex/generic/pgf/utilities\pgfutil-common-lists.tex)) (C:\Users\DaVinciTachyon\AppData\Local\Programs\MiKTeX\tex/generic/pgf/utilities\pgfutil-latex.def
\pgfutil@abb=\box49
) (C:\Users\DaVinciTachyon\AppData\Local\Programs\MiKTeX\tex/generic/pgf/utilities\pgfrcs.code.tex (C:\Users\DaVinciTachyon\AppData\Local\Programs\MiKTeX\tex/generic/pgf\pgf.revision.tex)
Package: pgfrcs 2020/12/27 v3.1.8b (3.1.8b)
))
Package: pgf 2020/12/27 v3.1.8b (3.1.8b)
 (C:\Users\DaVinciTachyon\AppData\Local\Programs\MiKTeX\tex/latex/pgf/basiclayer\pgfcore.sty (C:\Users\DaVinciTachyon\AppData\Local\Programs\MiKTeX\tex/latex/pgf/systemlayer\pgfsys.sty (C:\Users\DaVinciTachyon\AppData\Local\Programs\MiKTeX\tex/generic/pgf/systemlayer\pgfsys.code.tex
Package: pgfsys 2020/12/27 v3.1.8b (3.1.8b)
 (C:\Users\DaVinciTachyon\AppData\Local\Programs\MiKTeX\tex/generic/pgf/utilities\pgfkeys.code.tex
\pgfkeys@pathtoks=\toks28
\pgfkeys@temptoks=\toks29
 (C:\Users\DaVinciTachyon\AppData\Local\Programs\MiKTeX\tex/generic/pgf/utilities\pgfkeysfiltered.code.tex
\pgfkeys@tmptoks=\toks30
))
\pgf@x=\dimen161
\pgf@y=\dimen162
\pgf@xa=\dimen163
\pgf@ya=\dimen164
\pgf@xb=\dimen165
\pgf@yb=\dimen166
\pgf@xc=\dimen167
\pgf@yc=\dimen168
\pgf@xd=\dimen169
\pgf@yd=\dimen170
\w@pgf@writea=\write3
\r@pgf@reada=\read3
\c@pgf@counta=\count280
\c@pgf@countb=\count281
\c@pgf@countc=\count282
\c@pgf@countd=\count283
\t@pgf@toka=\toks31
\t@pgf@tokb=\toks32
\t@pgf@tokc=\toks33
\pgf@sys@id@count=\count284
 (C:\Users\DaVinciTachyon\AppData\Local\Programs\MiKTeX\tex/generic/pgf/systemlayer\pgf.cfg
File: pgf.cfg 2020/12/27 v3.1.8b (3.1.8b)
)
Driver file for pgf: pgfsys-pdftex.def
 (C:\Users\DaVinciTachyon\AppData\Local\Programs\MiKTeX\tex/generic/pgf/systemlayer\pgfsys-pdftex.def
File: pgfsys-pdftex.def 2020/12/27 v3.1.8b (3.1.8b)
 (C:\Users\DaVinciTachyon\AppData\Local\Programs\MiKTeX\tex/generic/pgf/systemlayer\pgfsys-common-pdf.def
File: pgfsys-common-pdf.def 2020/12/27 v3.1.8b (3.1.8b)
))) (C:\Users\DaVinciTachyon\AppData\Local\Programs\MiKTeX\tex/generic/pgf/systemlayer\pgfsyssoftpath.code.tex
File: pgfsyssoftpath.code.tex 2020/12/27 v3.1.8b (3.1.8b)
\pgfsyssoftpath@smallbuffer@items=\count285
\pgfsyssoftpath@bigbuffer@items=\count286
) (C:\Users\DaVinciTachyon\AppData\Local\Programs\MiKTeX\tex/generic/pgf/systemlayer\pgfsysprotocol.code.tex
File: pgfsysprotocol.code.tex 2020/12/27 v3.1.8b (3.1.8b)
)) (C:\Users\DaVinciTachyon\AppData\Local\Programs\MiKTeX\tex/generic/pgf/basiclayer\pgfcore.code.tex
Package: pgfcore 2020/12/27 v3.1.8b (3.1.8b)
 (C:\Users\DaVinciTachyon\AppData\Local\Programs\MiKTeX\tex/generic/pgf/math\pgfmath.code.tex (C:\Users\DaVinciTachyon\AppData\Local\Programs\MiKTeX\tex/generic/pgf/math\pgfmathcalc.code.tex (C:\Users\DaVinciTachyon\AppData\Local\Programs\MiKTeX\tex/generic/pgf/math\pgfmathutil.code.tex) (C:\Users\DaVinciTachyon\AppData\Local\Programs\MiKTeX\tex/generic/pgf/math\pgfmathparser.code.tex
\pgfmath@dimen=\dimen171
\pgfmath@count=\count287
\pgfmath@box=\box50
\pgfmath@toks=\toks34
\pgfmath@stack@operand=\toks35
\pgfmath@stack@operation=\toks36
) (C:\Users\DaVinciTachyon\AppData\Local\Programs\MiKTeX\tex/generic/pgf/math\pgfmathfunctions.code.tex (C:\Users\DaVinciTachyon\AppData\Local\Programs\MiKTeX\tex/generic/pgf/math\pgfmathfunctions.basic.code.tex) (C:\Users\DaVinciTachyon\AppData\Local\Programs\MiKTeX\tex/generic/pgf/math\pgfmathfunctions.trigonometric.code.tex) (C:\Users\DaVinciTachyon\AppData\Local\Programs\MiKTeX\tex/generic/pgf/math\pgfmathfunctions.random.code.tex) (C:\Users\DaVinciTachyon\AppData\Local\Programs\MiKTeX\tex/generic/pgf/math\pgfmathfunctions.comparison.code.tex) (C:\Users\DaVinciTachyon\AppData\Local\Programs\MiKTeX\tex/generic/pgf/math\pgfmathfunctions.base.code.tex) (C:\Users\DaVinciTachyon\AppData\Local\Programs\MiKTeX\tex/generic/pgf/math\pgfmathfunctions.round.code.tex) (C:\Users\DaVinciTachyon\AppData\Local\Programs\MiKTeX\tex/generic/pgf/math\pgfmathfunctions.misc.code.tex) (C:\Users\DaVinciTachyon\AppData\Local\Programs\MiKTeX\tex/generic/pgf/math\pgfmathfunctions.integerarithmetics.code.tex))) (C:\Users\DaVinciTachyon\AppData\Local\Programs\MiKTeX\tex/generic/pgf/math\pgfmathfloat.code.tex
\c@pgfmathroundto@lastzeros=\count288
)) (C:\Users\DaVinciTachyon\AppData\Local\Programs\MiKTeX\tex/generic/pgf/math\pgfint.code.tex) (C:\Users\DaVinciTachyon\AppData\Local\Programs\MiKTeX\tex/generic/pgf/basiclayer\pgfcorepoints.code.tex
File: pgfcorepoints.code.tex 2020/12/27 v3.1.8b (3.1.8b)
\pgf@picminx=\dimen172
\pgf@picmaxx=\dimen173
\pgf@picminy=\dimen174
\pgf@picmaxy=\dimen175
\pgf@pathminx=\dimen176
\pgf@pathmaxx=\dimen177
\pgf@pathminy=\dimen178
\pgf@pathmaxy=\dimen179
\pgf@xx=\dimen180
\pgf@xy=\dimen181
\pgf@yx=\dimen182
\pgf@yy=\dimen183
\pgf@zx=\dimen184
\pgf@zy=\dimen185
) (C:\Users\DaVinciTachyon\AppData\Local\Programs\MiKTeX\tex/generic/pgf/basiclayer\pgfcorepathconstruct.code.tex
File: pgfcorepathconstruct.code.tex 2020/12/27 v3.1.8b (3.1.8b)
\pgf@path@lastx=\dimen186
\pgf@path@lasty=\dimen187
) (C:\Users\DaVinciTachyon\AppData\Local\Programs\MiKTeX\tex/generic/pgf/basiclayer\pgfcorepathusage.code.tex
File: pgfcorepathusage.code.tex 2020/12/27 v3.1.8b (3.1.8b)
\pgf@shorten@end@additional=\dimen188
\pgf@shorten@start@additional=\dimen189
) (C:\Users\DaVinciTachyon\AppData\Local\Programs\MiKTeX\tex/generic/pgf/basiclayer\pgfcorescopes.code.tex
File: pgfcorescopes.code.tex 2020/12/27 v3.1.8b (3.1.8b)
\pgfpic=\box51
\pgf@hbox=\box52
\pgf@layerbox@main=\box53
\pgf@picture@serial@count=\count289
) (C:\Users\DaVinciTachyon\AppData\Local\Programs\MiKTeX\tex/generic/pgf/basiclayer\pgfcoregraphicstate.code.tex
File: pgfcoregraphicstate.code.tex 2020/12/27 v3.1.8b (3.1.8b)
\pgflinewidth=\dimen190
) (C:\Users\DaVinciTachyon\AppData\Local\Programs\MiKTeX\tex/generic/pgf/basiclayer\pgfcoretransformations.code.tex
File: pgfcoretransformations.code.tex 2020/12/27 v3.1.8b (3.1.8b)
\pgf@pt@x=\dimen191
\pgf@pt@y=\dimen192
\pgf@pt@temp=\dimen193
) (C:\Users\DaVinciTachyon\AppData\Local\Programs\MiKTeX\tex/generic/pgf/basiclayer\pgfcorequick.code.tex
File: pgfcorequick.code.tex 2020/12/27 v3.1.8b (3.1.8b)
) (C:\Users\DaVinciTachyon\AppData\Local\Programs\MiKTeX\tex/generic/pgf/basiclayer\pgfcoreobjects.code.tex
File: pgfcoreobjects.code.tex 2020/12/27 v3.1.8b (3.1.8b)
) (C:\Users\DaVinciTachyon\AppData\Local\Programs\MiKTeX\tex/generic/pgf/basiclayer\pgfcorepathprocessing.code.tex
File: pgfcorepathprocessing.code.tex 2020/12/27 v3.1.8b (3.1.8b)
) (C:\Users\DaVinciTachyon\AppData\Local\Programs\MiKTeX\tex/generic/pgf/basiclayer\pgfcorearrows.code.tex
File: pgfcorearrows.code.tex 2020/12/27 v3.1.8b (3.1.8b)
\pgfarrowsep=\dimen194
) (C:\Users\DaVinciTachyon\AppData\Local\Programs\MiKTeX\tex/generic/pgf/basiclayer\pgfcoreshade.code.tex
File: pgfcoreshade.code.tex 2020/12/27 v3.1.8b (3.1.8b)
\pgf@max=\dimen195
\pgf@sys@shading@range@num=\count290
\pgf@shadingcount=\count291
) (C:\Users\DaVinciTachyon\AppData\Local\Programs\MiKTeX\tex/generic/pgf/basiclayer\pgfcoreimage.code.tex
File: pgfcoreimage.code.tex 2020/12/27 v3.1.8b (3.1.8b)
 (C:\Users\DaVinciTachyon\AppData\Local\Programs\MiKTeX\tex/generic/pgf/basiclayer\pgfcoreexternal.code.tex
File: pgfcoreexternal.code.tex 2020/12/27 v3.1.8b (3.1.8b)
\pgfexternal@startupbox=\box54
)) (C:\Users\DaVinciTachyon\AppData\Local\Programs\MiKTeX\tex/generic/pgf/basiclayer\pgfcorelayers.code.tex
File: pgfcorelayers.code.tex 2020/12/27 v3.1.8b (3.1.8b)
) (C:\Users\DaVinciTachyon\AppData\Local\Programs\MiKTeX\tex/generic/pgf/basiclayer\pgfcoretransparency.code.tex
File: pgfcoretransparency.code.tex 2020/12/27 v3.1.8b (3.1.8b)
) (C:\Users\DaVinciTachyon\AppData\Local\Programs\MiKTeX\tex/generic/pgf/basiclayer\pgfcorepatterns.code.tex
File: pgfcorepatterns.code.tex 2020/12/27 v3.1.8b (3.1.8b)
) (C:\Users\DaVinciTachyon\AppData\Local\Programs\MiKTeX\tex/generic/pgf/basiclayer\pgfcorerdf.code.tex
File: pgfcorerdf.code.tex 2020/12/27 v3.1.8b (3.1.8b)
))) (C:\Users\DaVinciTachyon\AppData\Local\Programs\MiKTeX\tex/generic/pgf/modules\pgfmoduleshapes.code.tex
File: pgfmoduleshapes.code.tex 2020/12/27 v3.1.8b (3.1.8b)
\pgfnodeparttextbox=\box55
) (C:\Users\DaVinciTachyon\AppData\Local\Programs\MiKTeX\tex/generic/pgf/modules\pgfmoduleplot.code.tex
File: pgfmoduleplot.code.tex 2020/12/27 v3.1.8b (3.1.8b)
) (C:\Users\DaVinciTachyon\AppData\Local\Programs\MiKTeX\tex/latex/pgf/compatibility\pgfcomp-version-0-65.sty
Package: pgfcomp-version-0-65 2020/12/27 v3.1.8b (3.1.8b)
\pgf@nodesepstart=\dimen196
\pgf@nodesepend=\dimen197
) (C:\Users\DaVinciTachyon\AppData\Local\Programs\MiKTeX\tex/latex/pgf/compatibility\pgfcomp-version-1-18.sty
Package: pgfcomp-version-1-18 2020/12/27 v3.1.8b (3.1.8b)
)) (C:\Users\DaVinciTachyon\AppData\Local\Programs\MiKTeX\tex/latex/pgf/utilities\pgffor.sty (C:\Users\DaVinciTachyon\AppData\Local\Programs\MiKTeX\tex/latex/pgf/utilities\pgfkeys.sty (C:\Users\DaVinciTachyon\AppData\Local\Programs\MiKTeX\tex/generic/pgf/utilities\pgfkeys.code.tex)) (C:\Users\DaVinciTachyon\AppData\Local\Programs\MiKTeX\tex/latex/pgf/math\pgfmath.sty (C:\Users\DaVinciTachyon\AppData\Local\Programs\MiKTeX\tex/generic/pgf/math\pgfmath.code.tex)) (C:\Users\DaVinciTachyon\AppData\Local\Programs\MiKTeX\tex/generic/pgf/utilities\pgffor.code.tex
Package: pgffor 2020/12/27 v3.1.8b (3.1.8b)
 (C:\Users\DaVinciTachyon\AppData\Local\Programs\MiKTeX\tex/generic/pgf/math\pgfmath.code.tex)
\pgffor@iter=\dimen198
\pgffor@skip=\dimen199
\pgffor@stack=\toks37
\pgffor@toks=\toks38
)) (C:\Users\DaVinciTachyon\AppData\Local\Programs\MiKTeX\tex/generic/pgf/frontendlayer/tikz\tikz.code.tex
Package: tikz 2020/12/27 v3.1.8b (3.1.8b)
 (C:\Users\DaVinciTachyon\AppData\Local\Programs\MiKTeX\tex/generic/pgf/libraries\pgflibraryplothandlers.code.tex
File: pgflibraryplothandlers.code.tex 2020/12/27 v3.1.8b (3.1.8b)
\pgf@plot@mark@count=\count292
\pgfplotmarksize=\dimen256
)
\tikz@lastx=\dimen257
\tikz@lasty=\dimen258
\tikz@lastxsaved=\dimen259
\tikz@lastysaved=\dimen260
\tikz@lastmovetox=\dimen261
\tikz@lastmovetoy=\dimen262
\tikzleveldistance=\dimen263
\tikzsiblingdistance=\dimen264
\tikz@figbox=\box56
\tikz@figbox@bg=\box57
\tikz@tempbox=\box58
\tikz@tempbox@bg=\box59
\tikztreelevel=\count293
\tikznumberofchildren=\count294
\tikznumberofcurrentchild=\count295
\tikz@fig@count=\count296
 (C:\Users\DaVinciTachyon\AppData\Local\Programs\MiKTeX\tex/generic/pgf/modules\pgfmodulematrix.code.tex
File: pgfmodulematrix.code.tex 2020/12/27 v3.1.8b (3.1.8b)
\pgfmatrixcurrentrow=\count297
\pgfmatrixcurrentcolumn=\count298
\pgf@matrix@numberofcolumns=\count299
)
\tikz@expandcount=\count300
 (C:\Users\DaVinciTachyon\AppData\Local\Programs\MiKTeX\tex/generic/pgf/frontendlayer/tikz/libraries\tikzlibrarytopaths.code.tex
File: tikzlibrarytopaths.code.tex 2020/12/27 v3.1.8b (3.1.8b)
))) (C:\Users\DaVinciTachyon\AppData\Local\Programs\MiKTeX\tex/generic/pgf/frontendlayer/tikz/libraries\tikzlibrarypositioning.code.tex
File: tikzlibrarypositioning.code.tex 2020/12/27 v3.1.8b (3.1.8b)
) (C:\Users\DaVinciTachyon\AppData\Local\Programs\MiKTeX\tex/generic/pgf/frontendlayer/tikz/libraries\tikzlibraryshadows.code.tex
File: tikzlibraryshadows.code.tex 2020/12/27 v3.1.8b (3.1.8b)
 (C:\Users\DaVinciTachyon\AppData\Local\Programs\MiKTeX\tex/generic/pgf/frontendlayer/tikz/libraries\tikzlibraryfadings.code.tex
File: tikzlibraryfadings.code.tex 2020/12/27 v3.1.8b (3.1.8b)
 (C:\Users\DaVinciTachyon\AppData\Local\Programs\MiKTeX\tex/generic/pgf/libraries\pgflibraryfadings.code.tex
File: pgflibraryfadings.code.tex 2020/12/27 v3.1.8b (3.1.8b)
))) (C:\Users\DaVinciTachyon\AppData\Local\Programs\MiKTeX\tex/latex/latex-tools\calc.sty
Package: calc 2017/05/25 v4.3 Infix arithmetic (KKT,FJ)
\calc@Acount=\count301
\calc@Bcount=\count302
\calc@Adimen=\dimen265
\calc@Bdimen=\dimen266
\calc@Askip=\skip54
\calc@Bskip=\skip55
LaTeX Info: Redefining \setlength on input line 80.
LaTeX Info: Redefining \addtolength on input line 81.
\calc@Ccount=\count303
\calc@Cskip=\skip56
)
\c@@todonotes@numberoftodonotes=\count304
) (C:\Users\DaVinciTachyon\AppData\Local\Programs\MiKTeX\tex/latex/hyperref\hyperref.sty
Package: hyperref 2021-02-27 v7.00k Hypertext links for LaTeX
 (C:\Users\DaVinciTachyon\AppData\Local\Programs\MiKTeX\tex/generic/ltxcmds\ltxcmds.sty
Package: ltxcmds 2020-05-10 v1.25 LaTeX kernel commands for general use (HO)
) (C:\Users\DaVinciTachyon\AppData\Local\Programs\MiKTeX\tex/generic/pdftexcmds\pdftexcmds.sty
Package: pdftexcmds 2020-06-27 v0.33 Utility functions of pdfTeX for LuaTeX (HO)
 (C:\Users\DaVinciTachyon\AppData\Local\Programs\MiKTeX\tex/generic/infwarerr\infwarerr.sty
Package: infwarerr 2019/12/03 v1.5 Providing info/warning/error messages (HO)
)
Package pdftexcmds Info: \pdf@primitive is available.
Package pdftexcmds Info: \pdf@ifprimitive is available.
Package pdftexcmds Info: \pdfdraftmode found.
) (C:\Users\DaVinciTachyon\AppData\Local\Programs\MiKTeX\tex/generic/kvsetkeys\kvsetkeys.sty
Package: kvsetkeys 2019/12/15 v1.18 Key value parser (HO)
) (C:\Users\DaVinciTachyon\AppData\Local\Programs\MiKTeX\tex/generic/kvdefinekeys\kvdefinekeys.sty
Package: kvdefinekeys 2019-12-19 v1.6 Define keys (HO)
) (C:\Users\DaVinciTachyon\AppData\Local\Programs\MiKTeX\tex/generic/pdfescape\pdfescape.sty
Package: pdfescape 2019/12/09 v1.15 Implements pdfTeX's escape features (HO)
) (C:\Users\DaVinciTachyon\AppData\Local\Programs\MiKTeX\tex/latex/hycolor\hycolor.sty
Package: hycolor 2020-01-27 v1.10 Color options for hyperref/bookmark (HO)
) (C:\Users\DaVinciTachyon\AppData\Local\Programs\MiKTeX\tex/latex/letltxmacro\letltxmacro.sty
Package: letltxmacro 2019/12/03 v1.6 Let assignment for LaTeX macros (HO)
)
(C:\Users\DaVinciTachyon\AppData\Local\Programs\MiKTeX\tex/latex/auxhook\auxhook.sty
Package: auxhook 2019-12-17 v1.6 Hooks for auxiliary files (HO)
) (C:\Users\DaVinciTachyon\AppData\Local\Programs\MiKTeX\tex/latex/kvoptions\kvoptions.sty
Package: kvoptions 2020-10-07 v3.14 Key value format for package options (HO)
)
\@linkdim=\dimen267
\Hy@linkcounter=\count305
\Hy@pagecounter=\count306
 (C:\Users\DaVinciTachyon\AppData\Local\Programs\MiKTeX\tex/latex/hyperref\pd1enc.def
File: pd1enc.def 2021-02-27 v7.00k Hyperref: PDFDocEncoding definition (HO)
Now handling font encoding PD1 ...
... no UTF-8 mapping file for font encoding PD1
) (C:\Users\DaVinciTachyon\AppData\Local\Programs\MiKTeX\tex/latex/hyperref\hyperref-langpatches.def
File: hyperref-langpatches.def 2021-02-27 v7.00k Hyperref: patches for babel languages
) (C:\Users\DaVinciTachyon\AppData\Local\Programs\MiKTeX\tex/generic/intcalc\intcalc.sty
Package: intcalc 2019/12/15 v1.3 Expandable calculations with integers (HO)
) (C:\Users\DaVinciTachyon\AppData\Local\Programs\MiKTeX\tex/generic/etexcmds\etexcmds.sty
Package: etexcmds 2019/12/15 v1.7 Avoid name clashes with e-TeX commands (HO)
)
\Hy@SavedSpaceFactor=\count307
 (C:\Users\DaVinciTachyon\AppData\Local\Programs\MiKTeX\tex/latex/hyperref\puenc.def
File: puenc.def 2021-02-27 v7.00k Hyperref: PDF Unicode definition (HO)
Now handling font encoding PU ...
... no UTF-8 mapping file for font encoding PU
)
Package hyperref Info: Option `colorlinks' set `true' on input line 4073.
Package hyperref Info: Hyper figures OFF on input line 4192.
Package hyperref Info: Link nesting OFF on input line 4197.
Package hyperref Info: Hyper index ON on input line 4200.
Package hyperref Info: Plain pages OFF on input line 4207.
Package hyperref Info: Backreferencing OFF on input line 4212.
Package hyperref Info: Implicit mode ON; LaTeX internals redefined.
Package hyperref Info: Bookmarks ON on input line 4445.
\c@Hy@tempcnt=\count308
 (C:\Users\DaVinciTachyon\AppData\Local\Programs\MiKTeX\tex/latex/url\url.sty
\Urlmuskip=\muskip17
Package: url 2013/09/16  ver 3.4  Verb mode for urls, etc.
)
LaTeX Info: Redefining \url on input line 4804.
\XeTeXLinkMargin=\dimen268
 (C:\Users\DaVinciTachyon\AppData\Local\Programs\MiKTeX\tex/generic/bitset\bitset.sty
Package: bitset 2019/12/09 v1.3 Handle bit-vector datatype (HO)
 (C:\Users\DaVinciTachyon\AppData\Local\Programs\MiKTeX\tex/generic/bigintcalc\bigintcalc.sty
Package: bigintcalc 2019/12/15 v1.5 Expandable calculations on big integers (HO)
))
\Fld@menulength=\count309
\Field@Width=\dimen269
\Fld@charsize=\dimen270
Package hyperref Info: Hyper figures OFF on input line 6075.
Package hyperref Info: Link nesting OFF on input line 6080.
Package hyperref Info: Hyper index ON on input line 6083.
Package hyperref Info: backreferencing OFF on input line 6090.
Package hyperref Info: Link coloring ON on input line 6093.
Package hyperref Info: Link coloring with OCG OFF on input line 6100.
Package hyperref Info: PDF/A mode OFF on input line 6105.
LaTeX Info: Redefining \ref on input line 6145.
LaTeX Info: Redefining \pageref on input line 6149.
 (C:\Users\DaVinciTachyon\AppData\Local\Programs\MiKTeX\tex/latex/base\atbegshi-ltx.sty
Package: atbegshi-ltx 2020/08/17 v1.0a Emulation of the original atbegshi package
with kernel methods
)
\Hy@abspage=\count310
\c@Item=\count311
\c@Hfootnote=\count312
)
Package hyperref Info: Driver (autodetected): hpdftex.
 (C:\Users\DaVinciTachyon\AppData\Local\Programs\MiKTeX\tex/latex/hyperref\hpdftex.def
File: hpdftex.def 2021-02-27 v7.00k Hyperref driver for pdfTeX
 (C:\Users\DaVinciTachyon\AppData\Local\Programs\MiKTeX\tex/latex/base\atveryend-ltx.sty
Package: atveryend-ltx 2020/08/19 v1.0a Emulation of the original atvery package
with kernel methods
)
\Fld@listcount=\count313
\c@bookmark@seq@number=\count314
 (C:\Users\DaVinciTachyon\AppData\Local\Programs\MiKTeX\tex/latex/rerunfilecheck\rerunfilecheck.sty
Package: rerunfilecheck 2019/12/05 v1.9 Rerun checks for auxiliary files (HO)
 (C:\Users\DaVinciTachyon\AppData\Local\Programs\MiKTeX\tex/generic/uniquecounter\uniquecounter.sty
Package: uniquecounter 2019/12/15 v1.4 Provide unlimited unique counter (HO)
)
Package uniquecounter Info: New unique counter `rerunfilecheck' on input line 286.
)
\Hy@SectionHShift=\skip57
) (C:\Users\DaVinciTachyon\AppData\Local\Programs\MiKTeX\tex/latex/caption\caption.sty
Package: caption 2020/10/26 v3.5g Customizing captions (AR)
 (C:\Users\DaVinciTachyon\AppData\Local\Programs\MiKTeX\tex/latex/caption\caption3.sty
Package: caption3 2020/10/21 v2.2e caption3 kernel (AR)
\captionmargin=\dimen271
\captionmargin@=\dimen272
\captionwidth=\dimen273
\caption@tempdima=\dimen274
\caption@indent=\dimen275
\caption@parindent=\dimen276
\caption@hangindent=\dimen277
Package caption Info: Standard document class detected.
)
\c@caption@flags=\count315
\c@continuedfloat=\count316
Package caption Info: hyperref package is loaded.
) (C:\Users\DaVinciTachyon\AppData\Local\Programs\MiKTeX\tex/latex/sfmath\sfmath.sty
Package: sfmath 2007/08/27 v0.8 sans serif maths
LaTeX Font Info:    Overwriting symbol font `operators' in version `normal'
(Font)                  OT1/cmr/m/n --> OT1/cmss/m/n on input line 329.
LaTeX Font Info:    Overwriting symbol font `operators' in version `bold'
(Font)                  OT1/cmr/bx/n --> OT1/cmss/bx/n on input line 330.
\symSFMath=\mathgroup4
LaTeX Font Info:    Overwriting symbol font `SFMath' in version `normal'
(Font)                  OT1/cmss/m/sl --> OT1/cmss/m/sl on input line 343.
LaTeX Font Info:    Overwriting symbol font `SFMath' in version `bold'
(Font)                  OT1/cmss/m/sl --> OT1/cmss/bx/n on input line 344.
LaTeX Font Info:    Redeclaring math symbol \imath on input line 398.
LaTeX Font Info:    Redeclaring math symbol \jmath on input line 399.
\symSFMathUp=\mathgroup5
LaTeX Font Info:    Overwriting symbol font `SFMathUp' in version `normal'
(Font)                  OT1/cmss/m/n --> OT1/cmss/m/n on input line 406.
LaTeX Font Info:    Overwriting symbol font `SFMathUp' in version `bold'
(Font)                  OT1/cmss/m/n --> OT1/cmss/bx/n on input line 407.
LaTeX Font Info:    Redeclaring math symbol \ldotp on input line 410.
\symSFMathGreek=\mathgroup6
LaTeX Font Info:    Overwriting symbol font `SFMathGreek' in version `normal'
(Font)                  OT1/cmss/m/n --> OT1/cmss/m/n on input line 419.
LaTeX Font Info:    Overwriting symbol font `SFMathGreek' in version `bold'
(Font)                  OT1/cmss/m/n --> OT1/cmss/bx/n on input line 420.
LaTeX Font Info:    Redeclaring math symbol \Gamma on input line 422.
LaTeX Font Info:    Redeclaring math symbol \Delta on input line 423.
LaTeX Font Info:    Redeclaring math symbol \Theta on input line 424.
LaTeX Font Info:    Redeclaring math symbol \Lambda on input line 425.
LaTeX Font Info:    Redeclaring math symbol \Xi on input line 426.
LaTeX Font Info:    Redeclaring math symbol \Pi on input line 427.
LaTeX Font Info:    Redeclaring math symbol \Sigma on input line 428.
LaTeX Font Info:    Redeclaring math symbol \Upsilon on input line 429.
LaTeX Font Info:    Redeclaring math symbol \Phi on input line 430.
LaTeX Font Info:    Redeclaring math symbol \Psi on input line 431.
LaTeX Font Info:    Redeclaring math symbol \Omega on input line 432.
\symSFMathUpGreek=\mathgroup7
LaTeX Font Info:    Overwriting symbol font `SFMathUpGreek' in version `normal'
(Font)                  OT1/cmss/m/n --> OT1/cmss/m/n on input line 436.
LaTeX Font Info:    Overwriting symbol font `SFMathUpGreek' in version `bold'
(Font)                  OT1/cmss/m/n --> OT1/cmss/bx/n on input line 437.
LaTeX Font Info:    Overwriting math alphabet `\mathnormal' in version `normal'
(Font)                  OML/cmm/m/it --> OT1/cmss/m/sl on input line 446.
LaTeX Font Info:    Overwriting math alphabet `\mathnormal' in version `bold'
(Font)                  OML/cmm/b/it --> OT1/cmss/bx/n on input line 447.
LaTeX Font Info:    Overwriting math alphabet `\mathrm' in version `normal'
(Font)                  OT1/cmss/m/n --> OT1/cmss/m/n on input line 449.
LaTeX Font Info:    Overwriting math alphabet `\mathrm' in version `bold'
(Font)                  OT1/cmss/bx/n --> OT1/cmss/bx/n on input line 450.
LaTeX Font Info:    Overwriting math alphabet `\mathbf' in version `normal'
(Font)                  OT1/cmr/bx/n --> OT1/cmss/bx/n on input line 452.
LaTeX Font Info:    Overwriting math alphabet `\mathbf' in version `bold'
(Font)                  OT1/cmr/bx/n --> OT1/cmss/bx/n on input line 453.
LaTeX Font Info:    Overwriting math alphabet `\mathit' in version `normal'
(Font)                  OT1/cmr/m/it --> OT1/cmss/m/sl on input line 455.
LaTeX Font Info:    Overwriting math alphabet `\mathit' in version `bold'
(Font)                  OT1/cmr/bx/it --> OT1/cmss/m/sl on input line 456.
LaTeX Font Info:    Overwriting math alphabet `\mathsf' in version `normal'
(Font)                  OT1/cmss/m/n --> OT1/cmss/m/n on input line 458.
LaTeX Font Info:    Overwriting math alphabet `\mathsf' in version `bold'
(Font)                  OT1/cmss/bx/n --> OT1/cmss/bx/n on input line 459.
LaTeX Font Info:    Overwriting math alphabet `\mathsl' in version `bold'
(Font)                  OT1/cmss/m/sl --> OT1/cmss/m/sl on input line 466.
) (C:\Users\DaVinciTachyon\AppData\Local\Programs\MiKTeX\tex/latex/parskip\parskip.sty
Package: parskip 2021-03-14 v2.0h non-zero parskip adjustments
) (C:\Users\DaVinciTachyon\AppData\Local\Programs\MiKTeX\tex/latex/setspace\setspace.sty
Package: setspace 2011/12/19 v6.7a set line spacing
) (C:\Users\DaVinciTachyon\AppData\Local\Programs\MiKTeX\tex/latex/latex-tools\enumerate.sty
Package: enumerate 2015/07/23 v3.00 enumerate extensions (DPC)
\@enLab=\toks39
) (C:\Users\DaVinciTachyon\AppData\Local\Programs\MiKTeX\tex/latex/booktabs\booktabs.sty
Package: booktabs 2020/01/12 v1.61803398 Publication quality tables
\heavyrulewidth=\dimen278
\lightrulewidth=\dimen279
\cmidrulewidth=\dimen280
\belowrulesep=\dimen281
\belowbottomsep=\dimen282
\aboverulesep=\dimen283
\abovetopsep=\dimen284
\cmidrulesep=\dimen285
\cmidrulekern=\dimen286
\defaultaddspace=\dimen287
\@cmidla=\count317
\@cmidlb=\count318
\@aboverulesep=\dimen288
\@belowrulesep=\dimen289
\@thisruleclass=\count319
\@lastruleclass=\count320
\@thisrulewidth=\dimen290
) (C:\Users\DaVinciTachyon\AppData\Local\Programs\MiKTeX\tex/latex/fancyhdr\fancyhdr.sty
Package: fancyhdr 2021/01/28 v4.0.1 Extensive control of page headers and footers
\f@nch@headwidth=\skip58
\f@nch@O@elh=\skip59
\f@nch@O@erh=\skip60
\f@nch@O@olh=\skip61
\f@nch@O@orh=\skip62
\f@nch@O@elf=\skip63
\f@nch@O@erf=\skip64
\f@nch@O@olf=\skip65
\f@nch@O@orf=\skip66
) (C:\Users\DaVinciTachyon\AppData\Local\Programs\MiKTeX\tex/latex/subfigure\subfigure.sty
Package: subfigure 2002/07/30 v2.1.4 subfigure package
\subfigtopskip=\skip67
\subfigcapskip=\skip68
\subfigcaptopadj=\dimen291
\subfigbottomskip=\skip69
\subfigcapmargin=\dimen292
\subfiglabelskip=\skip70
\c@subfigure=\count321
\c@lofdepth=\count322
\c@subtable=\count323
\c@lotdepth=\count324

****************************************
* Local config file subfigure.cfg used *
****************************************
(C:\Users\DaVinciTachyon\AppData\Local\Programs\MiKTeX\tex/latex/subfigure\subfigure.cfg)
\subfig@top=\skip71
\subfig@bottom=\skip72
) (C:\Users\DaVinciTachyon\AppData\Local\Programs\MiKTeX\tex/latex/listings\listings.sty
\lst@mode=\count325
\lst@gtempboxa=\box60
\lst@token=\toks40
\lst@length=\count326
\lst@currlwidth=\dimen293
\lst@column=\count327
\lst@pos=\count328
\lst@lostspace=\dimen294
\lst@width=\dimen295
\lst@newlines=\count329
\lst@lineno=\count330
\lst@maxwidth=\dimen296
 (C:\Users\DaVinciTachyon\AppData\Local\Programs\MiKTeX\tex/latex/listings\lstmisc.sty
File: lstmisc.sty 2020/03/24 1.8d (Carsten Heinz)
\c@lstnumber=\count331
\lst@skipnumbers=\count332
\lst@framebox=\box61
) (C:\Users\DaVinciTachyon\AppData\Local\Programs\MiKTeX\tex/latex/listings\listings.cfg
File: listings.cfg 2020/03/24 1.8d listings configuration
))
Package: listings 2020/03/24 1.8d (Carsten Heinz)
 (C:\Users\DaVinciTachyon\AppData\Local\Programs\MiKTeX\tex/latex/listings\lstlang1.sty
File: lstlang1.sty 2020/03/24 1.8d listings language file
) (C:\Users\DaVinciTachyon\AppData\Local\Programs\MiKTeX\tex/latex/titlesec\titlesec.sty
Package: titlesec 2019/10/16 v2.13 Sectioning titles
\ttl@box=\box62
\beforetitleunit=\skip73
\aftertitleunit=\skip74
\ttl@plus=\dimen297
\ttl@minus=\dimen298
\ttl@toksa=\toks41
\titlewidth=\dimen299
\titlewidthlast=\dimen300
\titlewidthfirst=\dimen301
)
Package csquotes Info: Checking for multilingual support...
Package csquotes Info: ... found 'babel' package.
LaTeX Font Info:    Trying to load font information for T1+cmss on input line 78.
 (C:\Users\DaVinciTachyon\AppData\Local\Programs\MiKTeX\tex/latex/base\t1cmss.fd
File: t1cmss.fd 2019/12/16 v2.5j Standard LaTeX font definitions
) (C:\Users\DaVinciTachyon\AppData\Local\Programs\MiKTeX\tex/latex/l3backend\l3backend-pdftex.def
File: l3backend-pdftex.def 2021-03-18 L3 backend support: PDF output (pdfTeX)
\l__color_backend_stack_int=\count333
\l__pdf_internal_box=\box63
) (c:/Users\DaVinciTachyon\Documents\FinalYearProject\dissertation\main.aux)
\openout1 = `main.aux'.

LaTeX Font Info:    Checking defaults for OML/cmm/m/it on input line 78.
LaTeX Font Info:    ... okay on input line 78.
LaTeX Font Info:    Checking defaults for OMS/cmsy/m/n on input line 78.
LaTeX Font Info:    ... okay on input line 78.
LaTeX Font Info:    Checking defaults for OT1/cmr/m/n on input line 78.
LaTeX Font Info:    ... okay on input line 78.
LaTeX Font Info:    Checking defaults for T1/cmr/m/n on input line 78.
LaTeX Font Info:    ... okay on input line 78.
LaTeX Font Info:    Checking defaults for TS1/cmr/m/n on input line 78.
LaTeX Font Info:    ... okay on input line 78.
LaTeX Font Info:    Checking defaults for OMX/cmex/m/n on input line 78.
LaTeX Font Info:    ... okay on input line 78.
LaTeX Font Info:    Checking defaults for U/cmr/m/n on input line 78.
LaTeX Font Info:    ... okay on input line 78.
LaTeX Font Info:    Checking defaults for PD1/pdf/m/n on input line 78.
LaTeX Font Info:    ... okay on input line 78.
LaTeX Font Info:    Checking defaults for PU/pdf/m/n on input line 78.
LaTeX Font Info:    ... okay on input line 78.

*geometry* driver: auto-detecting
*geometry* detected driver: pdftex
*geometry* verbose mode - [ preamble ] result:
* driver: pdftex
* paper: a4paper
* layout: <same size as paper>
* layoutoffset:(h,v)=(0.0pt,0.0pt)
* modes: 
* h-part:(L,W,R)=(72.2698pt, 452.96826pt, 72.2698pt)
* v-part:(T,H,B)=(72.2698pt, 700.50723pt, 72.2698pt)
* \paperwidth=597.50787pt
* \paperheight=845.04684pt
* \textwidth=452.96826pt
* \textheight=700.50723pt
* \oddsidemargin=-0.00018pt
* \evensidemargin=-0.00018pt
* \topmargin=-35.87398pt
* \headheight=16.0pt
* \headsep=19.8738pt
* \topskip=12.0pt
* \footskip=30.0pt
* \marginparwidth=56.9055pt
* \marginparsep=7.0pt
* \columnsep=10.0pt
* \skip\footins=10.8pt plus 4.0pt minus 2.0pt
* \hoffset=0.0pt
* \voffset=0.0pt
* \mag=1000
* \@twocolumnfalse
* \@twosidefalse
* \@mparswitchfalse
* \@reversemarginfalse
* (1in=72.27pt=25.4mm, 1cm=28.453pt)

(C:\Users\DaVinciTachyon\AppData\Local\Programs\MiKTeX\tex/context/base/mkii\supp-pdf.mkii
[Loading MPS to PDF converter (version 2006.09.02).]
\scratchcounter=\count334
\scratchdimen=\dimen302
\scratchbox=\box64
\nofMPsegments=\count335
\nofMParguments=\count336
\everyMPshowfont=\toks42
\MPscratchCnt=\count337
\MPscratchDim=\dimen303
\MPnumerator=\count338
\makeMPintoPDFobject=\count339
\everyMPtoPDFconversion=\toks43
) (C:\Users\DaVinciTachyon\AppData\Local\Programs\MiKTeX\tex/latex/epstopdf-pkg\epstopdf-base.sty
Package: epstopdf-base 2020-01-24 v2.11 Base part for package epstopdf
Package epstopdf-base Info: Redefining graphics rule for `.eps' on input line 485.
 (C:\Users\DaVinciTachyon\AppData\Local\Programs\MiKTeX\tex/latex/00miktex\epstopdf-sys.cfg
File: epstopdf-sys.cfg 2021/03/18 v2.0 Configuration of epstopdf for MiKTeX
))
Package hyperref Info: Link coloring ON on input line 78.
 (C:\Users\DaVinciTachyon\AppData\Local\Programs\MiKTeX\tex/latex/hyperref\nameref.sty
Package: nameref 2021-04-02 v2.47 Cross-referencing by name of section
 (C:\Users\DaVinciTachyon\AppData\Local\Programs\MiKTeX\tex/latex/refcount\refcount.sty
Package: refcount 2019/12/15 v3.6 Data extraction from label references (HO)
) (C:\Users\DaVinciTachyon\AppData\Local\Programs\MiKTeX\tex/generic/gettitlestring\gettitlestring.sty
Package: gettitlestring 2019/12/15 v1.6 Cleanup title references (HO)
)
\c@section@level=\count340
)
LaTeX Info: Redefining \ref on input line 78.
LaTeX Info: Redefining \pageref on input line 78.
LaTeX Info: Redefining \nameref on input line 78.
\@outlinefile=\write4
\openout4 = `main.out'.

Package caption Info: Begin \AtBeginDocument code.
Package caption Info: listings package is loaded.
Package caption Info: subfigure package is loaded.
Package caption Info: End \AtBeginDocument code.
\c@lstlisting=\count341
 (c:/Users\DaVinciTachyon\Documents\FinalYearProject\dissertation\title/title.tex
<title/Trinity_RGB_transparent_main.png, id=30, 412.6617pt x 142.3719pt>
File: title/Trinity_RGB_transparent_main.png Graphic file (type png)
<use title/Trinity_RGB_transparent_main.png>
Package pdftex.def Info: title/Trinity_RGB_transparent_main.png  used on input line 15.
(pdftex.def)             Requested size: 412.66068pt x 142.37154pt.
 [1



{C:/Users/DaVinciTachyon/AppData/Local/MiKTeX/pdftex/config/pdftex.map} <c:/Users/DaVinciTachyon/Documents/FinalYearProject/dissertation/title/Trinity_RGB_transparent_main.png>]) (c:/Users\DaVinciTachyon\Documents\FinalYearProject\dissertation\declaration/declaration.tex
LaTeX Font Info:    Trying to load font information for T1+cmtt on input line 8.
 (C:\Users\DaVinciTachyon\AppData\Local\Programs\MiKTeX\tex/latex/base\t1cmtt.fd
File: t1cmtt.fd 2019/12/16 v2.5j Standard LaTeX font definitions
)) (c:/Users\DaVinciTachyon\Documents\FinalYearProject\dissertation\abstract/abstract.texpdfTeX warning (ext4): destination with the same identifier (name{page.i}) has been already used, duplicate ignored
<to be read again> 
                   \relax 
l.3 \chapter
            *{Abstract} [1]) [2

] (c:/Users\DaVinciTachyon\Documents\FinalYearProject\dissertation\acknowledgements/acknowledgements.tex) [3]
\tf@toc=\write5
\openout5 = `main.toc'.

 [4

]
\tf@lof=\write6
\openout6 = `main.lof'.

 [5

]
\tf@lot=\write7
\openout7 = `main.lot'.

 [6

]

Package hyperref Warning: old lol file detected, not used; run LaTeX again.

\tf@lol=\write8
\openout8 = `main.lol'.

[7

] (c:/Users\DaVinciTachyon\Documents\FinalYearProject\dissertation\nomenclature/nomenclature.tex) [8] (c:/Users\DaVinciTachyon\Documents\FinalYearProject\dissertation\introduction/introduction.tex
Chapter 1.
[1


]) (c:/Users\DaVinciTachyon\Documents\FinalYearProject\dissertation\background/background.tex [2]
Chapter 2.
) (c:/Users\DaVinciTachyon\Documents\FinalYearProject\dissertation\design/design.tex [3

]
Chapter 3.
[4

]
LaTeX Font Info:    Trying to load font information for TS1+cmss on input line 23.
 (C:\Users\DaVinciTachyon\AppData\Local\Programs\MiKTeX\tex/latex/base\ts1cmss.fd
File: ts1cmss.fd 2019/12/16 v2.5j Standard LaTeX font definitions
) [5]

c:/Users\DaVinciTachyon\Documents\FinalYearProject\dissertation\design/design.tex:50: Package inputenc Error: Unicode character ‎ (U+200E)
(inputenc)                not set up for use with LaTeX.

See the inputenc package documentation for explanation.
Type  H <return>  for immediate help.
 ...                                              
                                                  
l.50     \item ABI/INFORM Global‎
                                   
You may provide a definition with
\DeclareUnicodeCharacter 

[6]

LaTeX Warning: Reference `fig:overallstructure' on page 7 undefined on input line 88.

[7]
<design/OverallStructure.png, id=130, 375.20175pt x 215.00325pt>
File: design/OverallStructure.png Graphic file (type png)
<use design/OverallStructure.png>
Package pdftex.def Info: design/OverallStructure.png  used on input line 97.
(pdftex.def)             Requested size: 248.26367pt x 142.26344pt.


LaTeX Warning: Reference `fig:pricegathererstructure' on page 8 undefined on input line 104.

[8 <c:/Users/DaVinciTachyon/Documents/FinalYearProject/dissertation/design/OverallStructure.png>]
<design/PriceGathererStructure.png, id=138, 174.05025pt x 222.8325pt>
File: design/PriceGathererStructure.png Graphic file (type png)
<use design/PriceGathererStructure.png>
Package pdftex.def Info: design/PriceGathererStructure.png  used on input line 125.
(pdftex.def)             Requested size: 111.12086pt x 142.26549pt.


LaTeX Warning: Reference `fig:sentimentgathererstructure' on page 9 undefined on input line 144.

[9 <c:/Users/DaVinciTachyon/Documents/FinalYearProject/dissertation/design/PriceGathererStructure.png>]
<design/SentimentGathererStructure.png, id=146, 445.06274pt x 254.75175pt>
File: design/SentimentGathererStructure.png Graphic file (type png)
<use design/SentimentGathererStructure.png>
Package pdftex.def Info: design/SentimentGathererStructure.png  used on input line 166.
(pdftex.def)             Requested size: 248.54074pt x 142.2635pt.
 [10 <c:/Users/DaVinciTachyon/Documents/FinalYearProject/dissertation/design/SentimentGathererStructure.png>] [11] [12] [13]) (c:/Users\DaVinciTachyon\Documents\FinalYearProject\dissertation\implementation/implementation.tex [14]
Chapter 4.
[15

] [16] [17] [18] [19]
Package hyperref Info: bookmark level for unknown lstlisting defaults to 0 on input line 135.
 [20] [21] [22] [23] [24] [25] [26] [27] [28] [29] [30]
<implementation/sampleGraph.png, id=366, 938.90775pt x 474.573pt>
File: implementation/sampleGraph.png Graphic file (type png)
<use implementation/sampleGraph.png>
Package pdftex.def Info: implementation/sampleGraph.png  used on input line 490.
(pdftex.def)             Requested size: 426.80255pt x 215.72829pt.


LaTeX Warning: `!h' float specifier changed to `!ht'.

[31] [32 <c:/Users/DaVinciTachyon/Documents/FinalYearProject/dissertation/implementation/sampleGraph.png>] [33] [34]
<implementation/kNN.png, id=428, 417.9615pt x 380.01974pt>
File: implementation/kNN.png Graphic file (type png)
<use implementation/kNN.png>
Package pdftex.def Info: implementation/kNN.png  used on input line 583.
(pdftex.def)             Requested size: 156.46732pt x 142.2635pt.
<implementation/decisionTree.png, id=429, 452.28975pt x 248.127pt>
File: implementation/decisionTree.png Graphic file (type png)
<use implementation/decisionTree.png>
Package pdftex.def Info: implementation/decisionTree.png  used on input line 590.
(pdftex.def)             Requested size: 259.31924pt x 142.263pt.


LaTeX Warning: `!h' float specifier changed to `!ht'.

[35 <c:/Users/DaVinciTachyon/Documents/FinalYearProject/dissertation/implementation/kNN.png>] [36 <c:/Users/DaVinciTachyon/Documents/FinalYearProject/dissertation/implementation/decisionTree.png>]
<implementation/randomForest.png, id=445, 434.8245pt x 334.24875pt>
File: implementation/randomForest.png Graphic file (type png)
<use implementation/randomForest.png>
Package pdftex.def Info: implementation/randomForest.png  used on input line 629.
(pdftex.def)             Requested size: 259.10527pt x 199.17372pt.


LaTeX Warning: `!h' float specifier changed to `!ht'.

[37] [38 <c:/Users/DaVinciTachyon/Documents/FinalYearProject/dissertation/implementation/randomForest.png>]
<implementation/descriptiveGraph.png, id=479, 419.76825pt x 320.99925pt>
File: implementation/descriptiveGraph.png Graphic file (type png)
<use implementation/descriptiveGraph.png>
Package pdftex.def Info: implementation/descriptiveGraph.png  used on input line 686.
(pdftex.def)             Requested size: 334.8927pt x 256.09442pt.


LaTeX Warning: `!h' float specifier changed to `!ht'.

[39]) (c:/Users\DaVinciTachyon\Documents\FinalYearProject\dissertation\resultsEvaluation/resultsEvaluation.tex [40 <c:/Users/DaVinciTachyon/Documents/FinalYearProject/dissertation/implementation/descriptiveGraph.png>]
Chapter 5.
<resultsEvaluation/gamestop.png, id=498, 3854.4pt x 2168.1pt>
File: resultsEvaluation/gamestop.png Graphic file (type png)
<use resultsEvaluation/gamestop.png>
Package pdftex.def Info: resultsEvaluation/gamestop.png  used on input line 13.
(pdftex.def)             Requested size: 202.31786pt x 113.80379pt.

LaTeX Warning: Reference `appendix:descriptiveStatistics' on page 41 undefined on input line 22.

[41

 <c:/Users/DaVinciTachyon/Documents/FinalYearProject/dissertation/resultsEvaluation/gamestop.png>]
<resultsEvaluation/closeDescMax.png, id=508, 672.111pt x 409.53pt>
File: resultsEvaluation/closeDescMax.png Graphic file (type png)
<use resultsEvaluation/closeDescMax.png>
Package pdftex.def Info: resultsEvaluation/closeDescMax.png  used on input line 34.
(pdftex.def)             Requested size: 221.9614pt x 113.81151pt.
<resultsEvaluation/closeDesc1.png, id=509, 640.19176pt x 475.7775pt>
File: resultsEvaluation/closeDesc1.png Graphic file (type png)
<use resultsEvaluation/closeDesc1.png>
Package pdftex.def Info: resultsEvaluation/closeDesc1.png  used on input line 35.
(pdftex.def)             Requested size: 221.9507pt x 113.81142pt.
 [42 <c:/Users/DaVinciTachyon/Documents/FinalYearProject/dissertation/resultsEvaluation/closeDescMax.png> <c:/Users/DaVinciTachyon/Documents/FinalYearProject/dissertation/resultsEvaluation/closeDesc1.png>]
<resultsEvaluation/1returnDescMax.png, id=521, 684.75826pt x 438.438pt>
File: resultsEvaluation/1returnDescMax.png Graphic file (type png)
<use resultsEvaluation/1returnDescMax.png>
Package pdftex.def Info: resultsEvaluation/1returnDescMax.png  used on input line 50.
(pdftex.def)             Requested size: 221.95868pt x 113.81055pt.
<resultsEvaluation/1returnDesc1.png, id=522, 670.30424pt x 452.28975pt>
File: resultsEvaluation/1returnDesc1.png Graphic file (type png)
<use resultsEvaluation/1returnDesc1.png>
Package pdftex.def Info: resultsEvaluation/1returnDesc1.png  used on input line 51.
(pdftex.def)             Requested size: 221.95795pt x 113.81061pt.
 [43 <c:/Users/DaVinciTachyon/Documents/FinalYearProject/dissertation/resultsEvaluation/1returnDescMax.png> <c:/Users/DaVinciTachyon/Documents/FinalYearProject/dissertation/resultsEvaluation/1returnDesc1.png>]
<resultsEvaluation/articleDescMax.png, id=532, 698.00775pt x 473.97075pt>
File: resultsEvaluation/articleDescMax.png Graphic file (type png)
<use resultsEvaluation/articleDescMax.png>
Package pdftex.def Info: resultsEvaluation/articleDescMax.png  used on input line 68.
(pdftex.def)             Requested size: 221.9505pt x 113.80592pt.
<resultsEvaluation/articleDesc1.png, id=533, 625.73775pt x 469.755pt>
File: resultsEvaluation/articleDesc1.png Graphic file (type png)
<use resultsEvaluation/articleDesc1.png>
Package pdftex.def Info: resultsEvaluation/articleDesc1.png  used on input line 69.
(pdftex.def)             Requested size: 221.95227pt x 113.81151pt.
<resultsEvaluation/negativeDescMax.png, id=534, 559.49025pt x 427.5975pt>
File: resultsEvaluation/negativeDescMax.png Graphic file (type png)
<use resultsEvaluation/negativeDescMax.png>
Package pdftex.def Info: resultsEvaluation/negativeDescMax.png  used on input line 84.
(pdftex.def)             Requested size: 221.95665pt x 113.80865pt.
<resultsEvaluation/negativeDesc1.png, id=535, 548.0475pt x 460.119pt>
File: resultsEvaluation/negativeDesc1.png Graphic file (type png)
<use resultsEvaluation/negativeDesc1.png>
Package pdftex.def Info: resultsEvaluation/negativeDesc1.png  used on input line 85.
(pdftex.def)             Requested size: 221.95802pt x 113.80783pt.


LaTeX Warning: `!h' float specifier changed to `!ht'.

[44 <c:/Users/DaVinciTachyon/Documents/FinalYearProject/dissertation/resultsEvaluation/articleDescMax.png> <c:/Users/DaVinciTachyon/Documents/FinalYearProject/dissertation/resultsEvaluation/articleDesc1.png>] [45 <c:/Users/DaVinciTachyon/Documents/FinalYearProject/dissertation/resultsEvaluation/negativeDescMax.png> <c:/Users/DaVinciTachyon/Documents/FinalYearProject/dissertation/resultsEvaluation/negativeDesc1.png>] [46]) (c:/Users\DaVinciTachyon\Documents\FinalYearProject\dissertation\conclusion/conclusion.tex [47]
Chapter 6.
)
No file main.bbl.
(c:/Users\DaVinciTachyon\Documents\FinalYearProject\dissertation\appendix/appendix.tex [48

]
Appendix A1.
File: resultsEvaluation/closeDescMax.png Graphic file (type png)
<use resultsEvaluation/closeDescMax.png>
Package pdftex.def Info: resultsEvaluation/closeDescMax.png  used on input line 16.
(pdftex.def)             Requested size: 326.87593pt x 199.1717pt.
[49

]
File: resultsEvaluation/closeDesc1.png Graphic file (type png)
<use resultsEvaluation/closeDesc1.png>
Package pdftex.def Info: resultsEvaluation/closeDesc1.png  used on input line 45.
(pdftex.def)             Requested size: 267.99954pt x 199.1718pt.
 [50]
<resultsEvaluation/volumeDescMax.png, id=591, 700.41675pt x 492.03825pt>
File: resultsEvaluation/volumeDescMax.png Graphic file (type png)
<use resultsEvaluation/volumeDescMax.png>
Package pdftex.def Info: resultsEvaluation/volumeDescMax.png  used on input line 76.
(pdftex.def)             Requested size: 283.5176pt x 199.16928pt.
 [51 <c:/Users/DaVinciTachyon/Documents/FinalYearProject/dissertation/resultsEvaluation/volumeDescMax.png>]
<resultsEvaluation/volumeDesc1.png, id=599, 573.94424pt x 470.35725pt>
File: resultsEvaluation/volumeDesc1.png Graphic file (type png)
<use resultsEvaluation/volumeDesc1.png>
Package pdftex.def Info: resultsEvaluation/volumeDesc1.png  used on input line 105.
(pdftex.def)             Requested size: 243.03416pt x 199.1707pt.
 [52 <c:/Users/DaVinciTachyon/Documents/FinalYearProject/dissertation/resultsEvaluation/volumeDesc1.png>]
File: resultsEvaluation/1returnDescMax.png Graphic file (type png)
<use resultsEvaluation/1returnDescMax.png>
Package pdftex.def Info: resultsEvaluation/1returnDescMax.png  used on input line 136.
(pdftex.def)             Requested size: 311.07442pt x 199.17516pt.
 [53]
File: resultsEvaluation/1returnDesc1.png Graphic file (type png)
<use resultsEvaluation/1returnDesc1.png>
Package pdftex.def Info: resultsEvaluation/1returnDesc1.png  used on input line 165.
(pdftex.def)             Requested size: 295.17003pt x 199.16684pt.
 [54]
File: resultsEvaluation/articleDescMax.png Graphic file (type png)
<use resultsEvaluation/articleDescMax.png>
Package pdftex.def Info: resultsEvaluation/articleDescMax.png  used on input line 196.
(pdftex.def)             Requested size: 293.31036pt x 199.1676pt.
 [55]
File: resultsEvaluation/articleDesc1.png Graphic file (type png)
<use resultsEvaluation/articleDesc1.png>
Package pdftex.def Info: resultsEvaluation/articleDesc1.png  used on input line 225.
(pdftex.def)             Requested size: 265.30008pt x 199.16656pt.
 [56]
<resultsEvaluation/wordsDescMax.png, id=629, 633.567pt x 458.9145pt>
File: resultsEvaluation/wordsDescMax.png Graphic file (type png)
<use resultsEvaluation/wordsDescMax.png>
Package pdftex.def Info: resultsEvaluation/wordsDescMax.png  used on input line 256.
(pdftex.def)             Requested size: 274.97104pt x 199.17104pt.
 [57 <c:/Users/DaVinciTachyon/Documents/FinalYearProject/dissertation/resultsEvaluation/wordsDescMax.png>]
<resultsEvaluation/wordsDesc1.png, id=637, 566.71725pt x 451.6875pt>
File: resultsEvaluation/wordsDesc1.png Graphic file (type png)
<use resultsEvaluation/wordsDesc1.png>
Package pdftex.def Info: resultsEvaluation/wordsDesc1.png  used on input line 285.
(pdftex.def)             Requested size: 249.8925pt x 199.17043pt.
 [58 <c:/Users/DaVinciTachyon/Documents/FinalYearProject/dissertation/resultsEvaluation/wordsDesc1.png>]
<resultsEvaluation/positiveDescMax.png, id=645, 672.111pt x 448.67625pt>
File: resultsEvaluation/positiveDescMax.png Graphic file (type png)
<use resultsEvaluation/positiveDescMax.png>
Package pdftex.def Info: resultsEvaluation/positiveDescMax.png  used on input line 316.
(pdftex.def)             Requested size: 298.34491pt x 199.16394pt.
 [59 <c:/Users/DaVinciTachyon/Documents/FinalYearProject/dissertation/resultsEvaluation/positiveDescMax.png>]
<resultsEvaluation/positiveDesc1.png, id=653, 539.616pt x 460.119pt>
File: resultsEvaluation/positiveDesc1.png Graphic file (type png)
<use resultsEvaluation/positiveDesc1.png>
Package pdftex.def Info: resultsEvaluation/positiveDesc1.png  used on input line 345.
(pdftex.def)             Requested size: 233.57832pt x 199.16722pt.
 [60 <c:/Users/DaVinciTachyon/Documents/FinalYearProject/dissertation/resultsEvaluation/positiveDesc1.png>]
File: resultsEvaluation/negativeDescMax.png Graphic file (type png)
<use resultsEvaluation/negativeDescMax.png>
Package pdftex.def Info: resultsEvaluation/negativeDescMax.png  used on input line 376.
(pdftex.def)             Requested size: 260.6042pt x 199.17006pt.
 [61]
File: resultsEvaluation/negativeDesc1.png Graphic file (type png)
<use resultsEvaluation/negativeDesc1.png>
Package pdftex.def Info: resultsEvaluation/negativeDesc1.png  used on input line 405.
(pdftex.def)             Requested size: 237.22798pt x 199.16722pt.
 [62] [63] [64]) [65] (c:/Users\DaVinciTachyon\Documents\FinalYearProject\dissertation\main.aux)

LaTeX Warning: There were undefined references.


LaTeX Warning: Label(s) may have changed. Rerun to get cross-references right.


Package rerunfilecheck Warning: File `main.out' has changed.
(rerunfilecheck)                Rerun to get outlines right
(rerunfilecheck)                or use package `bookmark'.

Package rerunfilecheck Info: Checksums for `main.out':
(rerunfilecheck)             Before: <no file>
(rerunfilecheck)             After:  6D6849206BA70C5F60CC3AA9A869208E;9299.
 ) 
Here is how much of TeX's memory you used:
 26517 strings out of 479321
 476831 string characters out of 2852290
 976705 words of memory out of 3000000
 43068 multiletter control sequences out of 15000+600000
 418457 words of font info for 58 fonts, out of 8000000 for 9000
 1141 hyphenation exceptions out of 8191
 102i,7n,117p,1420b,2064s stack positions out of 5000i,500n,10000p,200000b,80000s
 <C:\Users\DaVinciTachyon\AppData\Local\MiKTeX\fonts/pk/ljfour/jknappen/ec/dpi600\ecss1000.pk> <C:\Users\DaVinciTachyon\AppData\Local\MiKTeX\fonts/pk/ljfour/jknappen/ec/dpi600\ectt1095.pk> <C:\Users\DaVinciTachyon\AppData\Local\MiKTeX\fonts/pk/ljfour/jknappen/ec/dpi600\ecsi1200.pk> <C:\Users\DaVinciTachyon\AppData\Local\MiKTeX\fonts/pk/ljfour/jknappen/ec/dpi600\tcss1200.pk> <C:\Users\DaVinciTachyon\AppData\Local\MiKTeX\fonts/pk/ljfour/jknappen/ec/dpi600\ecsx1200.pk> <C:\Users\DaVinciTachyon\AppData\Local\MiKTeX\fonts/pk/ljfour/jknappen/ec/dpi600\ecsx1440.pk> <C:\Users\DaVinciTachyon\AppData\Local\MiKTeX\fonts/pk/ljfour/jknappen/ec/dpi600\ecsx1728.pk> <C:\Users\DaVinciTachyon\AppData\Local\MiKTeX\fonts/pk/ljfour/jknappen/ec/dpi600\ectt1200.pk> <C:\Users\DaVinciTachyon\AppData\Local\MiKTeX\fonts/pk/ljfour/jknappen/ec/dpi600\ecss1200.pk> <C:\Users\DaVinciTachyon\AppData\Local\MiKTeX\fonts/pk/ljfour/jknappen/ec/dpi600\ecss1440.pk> <C:\Users\DaVinciTachyon\AppData\Local\MiKTeX\fonts/pk/ljfour/jknappen/ec/dpi600\ecsx2488.pk> <C:\Users\DaVinciTachyon\AppData\Local\MiKTeX\fonts/pk/ljfour/jknappen/ec/dpi600\ecss1728.pk><C:/Users/DaVinciTachyon/AppData/Local/Programs/MiKTeX/fonts/type1/public/amsfonts/cm/cmss12.pfb><C:/Users/DaVinciTachyon/AppData/Local/Programs/MiKTeX/fonts/type1/public/amsfonts/cm/cmssi12.pfb><C:/Users/DaVinciTachyon/AppData/Local/Programs/MiKTeX/fonts/type1/public/amsfonts/cm/cmssi8.pfb><C:/Users/DaVinciTachyon/AppData/Local/Programs/MiKTeX/fonts/type1/public/amsfonts/cm/cmsy6.pfb>
Output written on c:/Users\DaVinciTachyon\Documents\FinalYearProject\dissertation\main.pdf (74 pages, 1839789 bytes).
PDF statistics:
 1301 PDF objects out of 1440 (max. 8388607)
 359 named destinations out of 1000 (max. 500000)
 229 words of extra memory for PDF output out of 10000 (max. 10000000)

