\BOOKMARK [0][-]{chapter.1}{\376\377\000I\000n\000t\000r\000o\000d\000u\000c\000t\000i\000o\000n}{}% 1
\BOOKMARK [1][-]{section.1.1}{\376\377\000O\000b\000j\000e\000c\000t\000i\000v\000e}{chapter.1}% 2
\BOOKMARK [1][-]{section.1.2}{\376\377\000R\000e\000p\000o\000r\000t\000\040\000S\000t\000r\000u\000c\000t\000u\000r\000e}{chapter.1}% 3
\BOOKMARK [0][-]{chapter.2}{\376\377\000B\000a\000c\000k\000g\000r\000o\000u\000n\000d}{}% 4
\BOOKMARK [1][-]{section.2.1}{\376\377\000m\000o\000r\000e\000\040\000s\000u\000b\000s\000e\000c\000t\000i\000o\000n\000s\000\040\000a\000n\000d\000\040\000s\000u\000b\000s\000u\000b\000s\000e\000c\000t\000i\000o\000n\000s}{chapter.2}% 5
\BOOKMARK [1][-]{section.2.2}{\376\377\000B\000a\000c\000k\000g\000r\000o\000u\000n\000d\000\040\000S\000u\000m\000m\000a\000r\000y}{chapter.2}% 6
\BOOKMARK [0][-]{chapter.3}{\376\377\000D\000e\000s\000i\000g\000n}{}% 7
\BOOKMARK [1][-]{section.3.1}{\376\377\000B\000r\000i\000e\000f}{chapter.3}% 8
\BOOKMARK [1][-]{section.3.2}{\376\377\000R\000e\000q\000u\000i\000r\000e\000m\000e\000n\000t\000s\000\040\000G\000a\000t\000h\000e\000r\000i\000n\000g\000\040\000f\000o\000r\000\040\000S\000y\000s\000t\000e\000m\000\040\000D\000e\000s\000i\000g\000n}{chapter.3}% 9
\BOOKMARK [2][-]{subsection.3.2.1}{\376\377\000O\000b\000t\000a\000i\000n\000i\000n\000g\000\040\000\046\000\040\000U\000n\000d\000e\000r\000s\000t\000a\000n\000d\000i\000n\000g\000\040\000D\000a\000t\000a\000-\000s\000e\000t\000s}{section.3.2}% 10
\BOOKMARK [2][-]{subsection.3.2.2}{\376\377\000U\000s\000e\000r\000s\000\040\000I\000n\000t\000e\000r\000a\000c\000t\000i\000n\000g\000\040\000w\000i\000t\000h\000\040\000t\000h\000e\000\040\000S\000y\000s\000t\000e\000m}{section.3.2}% 11
\BOOKMARK [1][-]{section.3.3}{\376\377\000S\000y\000s\000t\000e\000m\000\040\000A\000r\000c\000h\000i\000t\000e\000c\000t\000u\000r\000e\000\040\000D\000e\000s\000i\000g\000n}{chapter.3}% 12
\BOOKMARK [2][-]{subsection.3.3.1}{\376\377\000T\000h\000e\000\040\000P\000r\000i\000c\000e\000\040\000G\000a\000t\000h\000e\000r\000e\000r}{section.3.3}% 13
\BOOKMARK [2][-]{subsection.3.3.2}{\376\377\000T\000h\000e\000\040\000S\000e\000n\000t\000i\000m\000e\000n\000t\000\040\000G\000a\000t\000h\000e\000r\000e\000r}{section.3.3}% 14
\BOOKMARK [2][-]{subsection.3.3.3}{\376\377\000T\000h\000e\000\040\000A\000n\000a\000l\000y\000s\000e\000r}{section.3.3}% 15
\BOOKMARK [1][-]{section.3.4}{\376\377\000S\000c\000o\000p\000e\000\040\000o\000f\000\040\000P\000r\000o\000j\000e\000c\000t}{chapter.3}% 16
\BOOKMARK [1][-]{section.3.5}{\376\377\000D\000e\000s\000i\000g\000n\000\040\000S\000u\000m\000m\000a\000r\000y}{chapter.3}% 17
\BOOKMARK [0][-]{chapter.4}{\376\377\000I\000m\000p\000l\000e\000m\000e\000n\000t\000a\000t\000i\000o\000n}{}% 18
\BOOKMARK [1][-]{section.4.1}{\376\377\000T\000e\000c\000h\000n\000o\000l\000o\000g\000y\000\040\000U\000s\000e\000d}{chapter.4}% 19
\BOOKMARK [2][-]{subsection.4.1.1}{\376\377\000P\000y\000t\000h\000o\000n\000\040\0003\000.\0009}{section.4.1}% 20
\BOOKMARK [2][-]{subsection.4.1.2}{\376\377\000V\000i\000s\000u\000a\000l\000\040\000S\000t\000u\000d\000i\000o\000\040\000C\000o\000d\000e}{section.4.1}% 21
\BOOKMARK [2][-]{subsection.4.1.3}{\376\377\000G\000i\000t\000\040\000a\000n\000d\000\040\000G\000i\000t\000h\000u\000b}{section.4.1}% 22
\BOOKMARK [2][-]{subsection.4.1.4}{\376\377\000C\000o\000m\000m\000a\000n\000d\000-\000L\000i\000n\000e\000\040\000I\000n\000t\000e\000r\000f\000a\000c\000e}{section.4.1}% 23
\BOOKMARK [2][-]{subsection.4.1.5}{\376\377\000A\000n\000t\000C\000o\000n\000c\000\040\0003\000.\0005\000.\0009}{section.4.1}% 24
\BOOKMARK [2][-]{subsection.4.1.6}{\376\377\000R\000o\000c\000k\000s\000t\000e\000a\000d\000y\000\040\0000\000.\0004}{section.4.1}% 25
\BOOKMARK [2][-]{subsection.4.1.7}{\376\377\000G\000r\000e\000t\000l}{section.4.1}% 26
\BOOKMARK [1][-]{section.4.2}{\376\377\000S\000e\000t\000t\000i\000n\000g\000\040\000u\000p\000\040\000t\000h\000e\000\040\000S\000y\000s\000t\000e\000m}{chapter.4}% 27
\BOOKMARK [2][-]{subsection.4.2.1}{\376\377\000T\000h\000e\000\040\000P\000r\000i\000c\000e\000\040\000G\000a\000t\000h\000e\000r\000e\000r}{section.4.2}% 28
\BOOKMARK [2][-]{subsection.4.2.2}{\376\377\000T\000h\000e\000\040\000S\000e\000n\000t\000i\000m\000e\000n\000t\000\040\000G\000a\000t\000h\000e\000r\000e\000r}{section.4.2}% 29
\BOOKMARK [2][-]{subsection.4.2.3}{\376\377\000T\000h\000e\000\040\000A\000n\000a\000l\000y\000s\000e\000r}{section.4.2}% 30
\BOOKMARK [1][-]{section.4.3}{\376\377\000I\000m\000p\000l\000e\000m\000e\000n\000t\000a\000t\000i\000o\000n\000\040\000S\000u\000m\000m\000a\000r\000y}{chapter.4}% 31
\BOOKMARK [0][-]{chapter.5}{\376\377\000R\000e\000s\000u\000l\000t\000s\000\040\000E\000v\000a\000l\000u\000a\000t\000i\000o\000n}{}% 32
\BOOKMARK [1][-]{section.5.1}{\376\377\000E\000x\000a\000m\000i\000n\000e\000d\000\040\000E\000n\000t\000i\000t\000y}{chapter.5}% 33
\BOOKMARK [1][-]{section.5.2}{\376\377\000D\000e\000s\000c\000r\000i\000p\000t\000i\000v\000e\000\040\000S\000t\000a\000t\000i\000s\000t\000i\000c\000s}{chapter.5}% 34
\BOOKMARK [2][-]{subsection.5.2.1}{\376\377\000P\000r\000i\000c\000e\000\040\000C\000o\000l\000u\000m\000n\000s}{section.5.2}% 35
\BOOKMARK [2][-]{subsection.5.2.2}{\376\377\000S\000e\000n\000t\000i\000m\000e\000n\000t\000\040\000C\000o\000l\000u\000m\000n\000s}{section.5.2}% 36
\BOOKMARK [1][-]{section.5.3}{\376\377\000A\000u\000t\000o\000\040\000C\000o\000r\000r\000e\000l\000a\000t\000i\000o\000n}{chapter.5}% 37
\BOOKMARK [1][-]{section.5.4}{\376\377\000R\000e\000t\000u\000r\000n\000\040\000t\000o\000\040\000S\000e\000n\000t\000i\000m\000e\000n\000t\000\040\000C\000o\000r\000r\000e\000l\000a\000t\000i\000o\000n}{chapter.5}% 38
\BOOKMARK [1][-]{section.5.5}{\376\377\000V\000e\000c\000t\000o\000r\000\040\000A\000u\000t\000o\000-\000r\000e\000g\000r\000e\000s\000s\000i\000o\000n}{chapter.5}% 39
\BOOKMARK [1][-]{section.5.6}{\376\377\000M\000a\000c\000h\000i\000n\000e\000\040\000L\000e\000a\000r\000n\000i\000n\000g\000\040\000E\000x\000p\000l\000o\000r\000a\000t\000i\000o\000n}{chapter.5}% 40
\BOOKMARK [1][-]{section.5.7}{\376\377\000R\000e\000s\000u\000l\000t\000s\000\040\000E\000v\000a\000l\000u\000a\000t\000i\000o\000n\000\040\000S\000u\000m\000m\000a\000r\000y}{chapter.5}% 41
\BOOKMARK [0][-]{chapter.6}{\376\377\000D\000i\000s\000c\000u\000s\000s\000i\000o\000n\000\040\000\046\000\040\000C\000o\000n\000c\000l\000u\000s\000i\000o\000n}{}% 42
\BOOKMARK [1][-]{section.6.1}{\376\377\000P\000r\000o\000j\000e\000c\000t\000\040\000A\000c\000h\000i\000e\000v\000e\000m\000e\000n\000t\000s}{chapter.6}% 43
\BOOKMARK [1][-]{section.6.2}{\376\377\000C\000h\000a\000l\000l\000e\000n\000g\000e\000s}{chapter.6}% 44
\BOOKMARK [1][-]{section.6.3}{\376\377\000F\000u\000t\000u\000r\000e\000\040\000W\000o\000r\000k}{chapter.6}% 45
\BOOKMARK [1][-]{section.6.4}{\376\377\000D\000i\000s\000c\000u\000s\000s\000i\000o\000n\000\040\000\046\000\040\000C\000o\000n\000c\000l\000u\000s\000i\000o\000n\000\040\000S\000u\000m\000m\000a\000r\000y}{chapter.6}% 46
\BOOKMARK [0][-]{appendix.A}{\376\377\000A\000p\000p\000e\000n\000d\000i\000x}{}% 47
\BOOKMARK [1][-]{section.A.1}{\376\377\000D\000e\000s\000c\000r\000i\000p\000t\000i\000v\000e\000\040\000S\000t\000a\000t\000i\000s\000t\000i\000c\000s}{appendix.A}% 48
\BOOKMARK [2][-]{subsection.A.1.1}{\376\377\000C\000l\000o\000s\000i\000n\000g\000\040\000P\000r\000i\000c\000e\000s}{section.A.1}% 49
\BOOKMARK [2][-]{subsection.A.1.2}{\376\377\000T\000r\000a\000d\000i\000n\000g\000\040\000V\000o\000l\000u\000m\000e}{section.A.1}% 50
\BOOKMARK [2][-]{subsection.A.1.3}{\376\377\0001\000\040\000D\000a\000y\000\040\000R\000e\000t\000u\000r\000n\000s}{section.A.1}% 51
\BOOKMARK [2][-]{subsection.A.1.4}{\376\377\000A\000r\000t\000i\000c\000l\000e\000\040\000V\000o\000l\000u\000m\000e}{section.A.1}% 52
\BOOKMARK [2][-]{subsection.A.1.5}{\376\377\000W\000o\000r\000d\000s\000\040\000V\000o\000l\000u\000m\000e}{section.A.1}% 53
\BOOKMARK [2][-]{subsection.A.1.6}{\376\377\000P\000o\000s\000i\000t\000i\000v\000e\000\040\000S\000e\000n\000t\000i\000m\000e\000n\000t}{section.A.1}% 54
\BOOKMARK [2][-]{subsection.A.1.7}{\376\377\000N\000e\000g\000a\000t\000i\000v\000e\000\040\000S\000e\000n\000t\000i\000m\000e\000n\000t}{section.A.1}% 55
\BOOKMARK [1][-]{section.A.2}{\376\377\000A\000u\000t\000o\000-\000C\000o\000r\000r\000e\000l\000a\000t\000i\000o\000n}{appendix.A}% 56
\BOOKMARK [2][-]{subsection.A.2.1}{\376\377\000C\000l\000o\000s\000i\000n\000g\000\040\000P\000r\000i\000c\000e\000s}{section.A.2}% 57
\BOOKMARK [2][-]{subsection.A.2.2}{\376\377\000T\000r\000a\000d\000i\000n\000g\000\040\000V\000o\000l\000u\000m\000e}{section.A.2}% 58
\BOOKMARK [2][-]{subsection.A.2.3}{\376\377\0001\000\040\000D\000a\000y\000\040\000R\000e\000t\000u\000r\000n\000s}{section.A.2}% 59
\BOOKMARK [2][-]{subsection.A.2.4}{\376\377\000A\000r\000t\000i\000c\000l\000e\000\040\000V\000o\000l\000u\000m\000e}{section.A.2}% 60
\BOOKMARK [2][-]{subsection.A.2.5}{\376\377\000W\000o\000r\000d\000\040\000V\000o\000l\000u\000m\000e}{section.A.2}% 61
\BOOKMARK [2][-]{subsection.A.2.6}{\376\377\000P\000o\000s\000i\000t\000i\000v\000e\000\040\000S\000e\000n\000t\000i\000m\000e\000n\000t}{section.A.2}% 62
\BOOKMARK [2][-]{subsection.A.2.7}{\376\377\000N\000e\000g\000a\000t\000i\000v\000e\000\040\000S\000e\000n\000t\000i\000m\000e\000n\000t}{section.A.2}% 63
\BOOKMARK [1][-]{section.A.3}{\376\377\000R\000e\000t\000u\000r\000n\000\040\000V\000s\000\040\000S\000e\000n\000t\000i\000m\000e\000n\000t\000\040\000C\000o\000r\000r\000e\000l\000a\000t\000i\000o\000n}{appendix.A}% 64
\BOOKMARK [2][-]{subsection.A.3.1}{\376\377\0001\000\040\000D\000a\000y\000\040\000R\000e\000t\000u\000r\000n\000\040\000V\000s\000\040\000N\000e\000g\000a\000t\000i\000v\000e\000\040\000S\000e\000n\000t\000i\000m\000e\000n\000t}{section.A.3}% 65
\BOOKMARK [2][-]{subsection.A.3.2}{\376\377\0001\000\040\000D\000a\000y\000\040\000R\000e\000t\000u\000r\000n\000\040\000V\000s\000\040\000A\000r\000t\000i\000c\000l\000e\000\040\000V\000o\000l\000u\000m\000e}{section.A.3}% 66
\BOOKMARK [2][-]{subsection.A.3.3}{\376\377\0001\000\040\000D\000a\000y\000\040\000R\000e\000t\000u\000r\000n\000\040\000V\000s\000\040\000N\000e\000g\000a\000t\000i\000v\000e\000\040\000t\000o\000\040\000P\000o\000s\000i\000t\000i\000v\000e\000\040\000S\000e\000n\000t\000i\000m\000e\000n\000t\000\040\000R\000a\000t\000i\000o}{section.A.3}% 67
\BOOKMARK [1][-]{section.A.4}{\376\377\000V\000e\000c\000t\000o\000r\000\040\000A\000u\000t\000o\000r\000e\000g\000r\000e\000s\000s\000i\000o\000n}{appendix.A}% 68
\BOOKMARK [2][-]{subsection.A.4.1}{\376\377\0001\000\040\000D\000a\000y\000\040\000R\000e\000t\000u\000r\000n\000,\000\040\000P\000o\000s\000i\000t\000i\000v\000e\000\040\000S\000e\000n\000t\000i\000m\000e\000n\000t}{section.A.4}% 69
\BOOKMARK [2][-]{subsection.A.4.2}{\376\377\0001\000\040\000D\000a\000y\000\040\000R\000e\000t\000u\000r\000n\000\040\000a\000n\000d\000\040\000N\000e\000g\000a\000t\000i\000v\000e\000\040\000S\000e\000n\000t\000i\000m\000e\000n\000t}{section.A.4}% 70
\BOOKMARK [2][-]{subsection.A.4.3}{\376\377\0001\000\040\000D\000a\000y\000\040\000R\000e\000t\000u\000r\000n\000\040\000a\000n\000d\000\040\000A\000r\000t\000i\000c\000l\000e\000\040\000V\000o\000l\000u\000m\000e}{section.A.4}% 71
\BOOKMARK [2][-]{subsection.A.4.4}{\376\377\0001\000\040\000D\000a\000y\000\040\000R\000e\000t\000u\000r\000n\000,\000\040\000A\000r\000t\000i\000c\000l\000e\000\040\000V\000o\000l\000u\000m\000e\000\040\000a\000n\000d\000\040\000N\000e\000g\000a\000t\000i\000v\000e\000\040\000S\000e\000n\000t\000i\000m\000e\000n\000t}{section.A.4}% 72
\BOOKMARK [2][-]{subsection.A.4.5}{\376\377\0001\000\040\000D\000a\000y\000\040\000R\000e\000t\000u\000r\000n\000,\000\040\000A\000r\000t\000i\000c\000l\000e\000\040\000V\000o\000l\000u\000m\000e\000,\000\040\000N\000e\000g\000a\000t\000i\000v\000e\000\040\000S\000e\000n\000t\000i\000m\000e\000n\000t\000\040\000a\000n\000d\000\040\000P\000o\000s\000i\000t\000i\000v\000e\000\040\000S\000e\000n\000t\000i\000m\000e\000n\000t}{section.A.4}% 73
